[03/12 21:16] Acesso NEGADO - ID 0
[03/12 21:18] Acesso NEGADO - ID 999
[03/12 21:18] Acesso LIBERADO - ID 999
[03/12 21:25] Acesso LIBERADO - ID 1
[03/12 21:25] Acesso LIBERADO - ID 999
[04/12 11:58] Acesso LIBERADO - ID 999
[07/12 14:37] Acesso LIBERADO ID 999
[08/12 17:28] Acesso LIBERADO ID 999
[08/12 17:42] Acesso LIBERADO ID 999
[08/12 17:43] Acesso LIBERADO ID 999
[08/12 17:51] Acesso LIBERADO ID 999
[08/12 18:55] Acesso LIBERADO ID 999
[08/12 19:00] Acesso LIBERADO ID 999
[08/12 19:12] Acesso LIBERADO ID 999
[08/12 19:20] Acesso LIBERADO ID 1
[08/12 19:20] Acesso NEGADO ID 999
[08/12 19:21] Acesso NEGADO ID 80000
[08/12 19:21] Acesso LIBERADO ID 999
[08/12 19:25] Acesso LIBERADO ID 1
[08/12 19:25] Acesso LIBERADO ID 999
[08/12 19:29] Acesso LIBERADO ID 999
[08/12 19:36] Acesso NEGADO ID 999
[08/12 19:36] Acesso LIBERADO ID 999
[08/12 19:42] Acesso LIBERADO ID 999
[08/12 19:49] Acesso NEGADO ID 999
[08/12 19:49] Acesso LIBERADO ID 999
[08/12 19:52] Acesso LIBERADO ID 999
[08/12 19:54] Acesso NEGADO ID 999
[08/12 19:54] Acesso LIBERADO ID 999
[08/12 19:56] Acesso LIBERADO ID 999
[08/12 20:00] Acesso LIBERADO ID 999
[08/12 20:02] Acesso NEGADO ID 999
[08/12 20:02] Acesso LIBERADO ID 999
[08/12 20:27] Acesso LIBERADO ID 999
[08/12 21:26] Acesso LIBERADO ID 999
[08/12 21:31] Acesso NEGADO ID pablo
[08/12 21:31] Acesso LIBERADO ID 999
[08/12 21:39] Acesso LIBERADO ID 999
[08/12 21:40] Acesso LIBERADO ID 14
[08/12 21:41] Acesso NEGADO ID 14
[08/12 21:44] Acesso LIBERADO ID 999
[08/12 23:01] Acesso LIBERADO ID 999
[08/12 23:25] Acesso LIBERADO ID 999
[08/12 23:37] Acesso LIBERADO ID 999
[08/12 23:44] Acesso LIBERADO ID 999
[09/12 00:10] Acesso LIBERADO ID 999
[09/12 00:19] Acesso LIBERADO ID 999
[09/12 00:50] Acesso LIBERADO ID 999
[09/12 01:14] Acesso NEGADO ID 999
[09/12 01:14] Acesso LIBERADO ID 999
[09/12 01:29] Acesso LIBERADO ID 99
[09/12 01:31] Acesso LIBERADO ID 99
[09/12 01:37] Acesso LIBERADO ID 99
[09/12 01:40] Acesso LIBERADO ID 99
[09/12 02:04] Acesso LIBERADO ID 99
[09/12 11:52] Acesso LIBERADO ID 999
[09/12 11:54] Acesso LIBERADO ID 1
[09/12 12:12] Acesso LIBERADO ID 99
[09/12 12:40] Acesso LIBERADO ID 999
[09/12 14:28] Acesso LIBERADO ID 999
[09/12 14:33] Acesso LIBERADO ID 999
[09/12 14:45] Acesso LIBERADO ID 999
[09/12 14:47] Acesso LIBERADO ID 999
[09/12 15:21] Acesso LIBERADO ID 999
[09/12 15:34] Acesso LIBERADO ID 999
[09/12 15:37] Acesso LIBERADO ID 999
[09/12 15:39] Acesso NEGADO ID 1
[09/12 15:39] Acesso NEGADO ID 11
[09/12 15:39] Acesso NEGADO ID 1
[09/12 15:39] Acesso LIBERADO ID 999
[09/12 15:40] Acesso LIBERADO ID 1
[09/12 20:01] Acesso LIBERADO ID 999
[09/12 20:47] Acesso LIBERADO ID 999 
[10/12 01:17] Acesso NEGADO ID 
[10/12 01:39] Acesso LIBERADO ID 999
[10/12 02:08] Acesso NEGADO ID 
[10/12 02:11] Acesso NEGADO ID 
[10/12 03:16] Acesso LIBERADO ID 99
[10/12 03:35] Acesso LIBERADO ID 999
[10/12 03:38] Acesso LIBERADO ID 999
[10/12 03:45] Acesso LIBERADO ID 999
[10/12 03:49] Acesso LIBERADO ID 999
[10/12 03:53] Acesso LIBERADO ID 999
[10/12 03:59] Acesso LIBERADO ID 37
[10/12 03:59] Acesso LIBERADO ID 999
[10/12 04:04] Acesso LIBERADO ID 999
[10/12 04:13] Acesso LIBERADO ID 999
[10/12 04:19] Acesso NEGADO ID 999
[10/12 04:19] Acesso NEGADO ID 999
[10/12 04:20] Acesso LIBERADO ID 999
[10/12 04:24] Acesso NEGADO ID 999
[10/12 04:24] Acesso LIBERADO ID 999
[10/12 04:30] Acesso NEGADO ID 99
[10/12 04:31] Acesso LIBERADO ID 99
[10/12 04:31] Acesso NEGADO ID 99
[10/12 15:26] Acesso LIBERADO ID 999
[10/12 15:58] Acesso LIBERADO ID 999
[10/12 16:04] Acesso LIBERADO ID 999
[10/12 16:21] Acesso LIBERADO ID 999
[10/12 16:32] Acesso LIBERADO ID 999
[10/12 16:36] Acesso LIBERADO ID 999
[10/12 17:27] Acesso LIBERADO ID 999
[10/12 17:30] Acesso NEGADO ID 32
[10/12 17:30] Acesso LIBERADO ID 999
[10/12 17:40] Acesso LIBERADO ID 999
[10/12 17:42] Acesso LIBERADO ID 999
[11/12 15:19] Acesso LIBERADO ID 999
[11/12 15:20] Acesso LIBERADO ID 999
[11/12 15:24] Acesso LIBERADO ID 99
[11/12 15:32] Acesso LIBERADO ID 999
[11/12 15:56] Acesso LIBERADO ID 24
[11/12 16:06] Acesso NEGADO ID 
[11/12 16:18] Acesso LIBERADO ID 24
[11/12 16:20] Acesso LIBERADO ID 999
[11/12 16:35] Acesso LIBERADO ID 999
[11/12 16:37] Acesso LIBERADO ID 999
[11/12 16:52] Acesso LIBERADO ID 999
[11/12 17:12] Acesso LIBERADO ID 999
[11/12 18:10] Acesso LIBERADO ID 999
[11/12 18:46] Acesso LIBERADO ID 999
[11/12 18:47] Acesso NEGADO ID 999
[11/12 18:48] Acesso LIBERADO ID 999
[11/12 18:48] Acesso NEGADO ID 999
[11/12 18:49] Acesso NEGADO ID aede
[11/12 18:50] Acesso LIBERADO ID 999
[11/12 19:40] Acesso LIBERADO ID 999
[11/12 19:45] Senha alterada via Recuperacao
[11/12 19:45] Acesso LIBERADO ID 103
[11/12 19:46] Acesso NEGADO ID 
[11/12 19:47] Acesso LIBERADO ID 103
